<?xml version="1.0" encoding="UTF-8"?>
<!-- Generated by org.testng.reporters.JUnitReportReporter -->
<testsuite hostname="PTDVTL2707" failures="0" tests="1" name="runners.TestRunner" time="5.310" errors="0" timestamp="2025-06-29T21:11:34 WEST" skipped="0">
  <testcase classname="runners.TestRunner" name="runScenario" time="5.310"/>
</testsuite> <!-- runners.TestRunner -->
